<?xml version="1.0" encoding="UTF-8"?>
<!-- Generated by org.testng.reporters.JUnitReportReporter -->
<testsuite hostname="LAPTOP-BCGMMEOB" failures="0" tests="1" name="com.inetbanking.testCases.TC_LoginTest_001" time="1.209" errors="0" timestamp="26 Apr 2023 18:54:05 GMT" skipped="0">
  <testcase classname="com.inetbanking.testCases.TC_LoginTest_001" name="loginTest" time="1.209"/>
</testsuite> <!-- com.inetbanking.testCases.TC_LoginTest_001 -->
